<?xml version="1.0" encoding="UTF-8"?>
<!-- Generated by org.testng.reporters.JUnitReportReporter -->
<testsuite hostname="L214_PC13" failures="0" tests="1" name="testng.FormaTest1" time="6.936" errors="0" timestamp="2024-11-11T14:01:39 EET" skipped="0">
  <testcase classname="testng.FormaTest1" name="FormaTest" time="6.936"/>
</testsuite> <!-- testng.FormaTest1 -->
